{"C:\\Users\\eduar\\joinville\\backend\\Avaliacao3\\src\\app.js": {"path":"C:\\Users\\eduar\\joinville\\backend\\Avaliacao3\\src\\app.js","statementMap":{"0":{"start":{"line":1,"column":16},"end":{"line":1,"column":34}},"1":{"start":{"line":2,"column":13},"end":{"line":2,"column":28}},"2":{"start":{"line":3,"column":17},"end":{"line":3,"column":45}},"3":{"start":{"line":4,"column":16},"end":{"line":4,"column":41}},"4":{"start":{"line":5,"column":18},"end":{"line":5,"column":42}},"5":{"start":{"line":6,"column":19},"end":{"line":6,"column":44}},"6":{"start":{"line":8,"column":12},"end":{"line":8,"column":21}},"7":{"start":{"line":9,"column":0},"end":{"line":9,"column":24}},"8":{"start":{"line":11,"column":0},"end":{"line":15,"column":3}},"9":{"start":{"line":12,"column":4},"end":{"line":12,"column":51}},"10":{"start":{"line":13,"column":4},"end":{"line":13,"column":97}},"11":{"start":{"line":14,"column":4},"end":{"line":14,"column":11}},"12":{"start":{"line":17,"column":0},"end":{"line":19,"column":4}},"13":{"start":{"line":22,"column":0},"end":{"line":27,"column":3}},"14":{"start":{"line":24,"column":4},"end":{"line":24,"column":51}},"15":{"start":{"line":26,"column":4},"end":{"line":26,"column":11}},"16":{"start":{"line":30,"column":0},"end":{"line":30,"column":41}},"17":{"start":{"line":31,"column":0},"end":{"line":31,"column":47}},"18":{"start":{"line":32,"column":0},"end":{"line":32,"column":42}},"19":{"start":{"line":33,"column":0},"end":{"line":33,"column":49}},"20":{"start":{"line":34,"column":0},"end":{"line":34,"column":46}},"21":{"start":{"line":35,"column":0},"end":{"line":35,"column":49}},"22":{"start":{"line":36,"column":0},"end":{"line":36,"column":61}},"23":{"start":{"line":39,"column":0},"end":{"line":39,"column":44}},"24":{"start":{"line":40,"column":0},"end":{"line":40,"column":56}},"25":{"start":{"line":41,"column":0},"end":{"line":41,"column":50}},"26":{"start":{"line":42,"column":0},"end":{"line":42,"column":52}},"27":{"start":{"line":43,"column":0},"end":{"line":43,"column":49}},"28":{"start":{"line":44,"column":0},"end":{"line":44,"column":60}},"29":{"start":{"line":45,"column":0},"end":{"line":45,"column":52}},"30":{"start":{"line":48,"column":0},"end":{"line":48,"column":47}},"31":{"start":{"line":49,"column":0},"end":{"line":49,"column":53}},"32":{"start":{"line":50,"column":0},"end":{"line":50,"column":55}},"33":{"start":{"line":51,"column":0},"end":{"line":51,"column":52}},"34":{"start":{"line":52,"column":0},"end":{"line":52,"column":63}},"35":{"start":{"line":53,"column":0},"end":{"line":53,"column":55}},"36":{"start":{"line":55,"column":0},"end":{"line":55,"column":21}},"37":{"start":{"line":60,"column":0},"end":{"line":60,"column":35}},"38":{"start":{"line":62,"column":0},"end":{"line":70,"column":7}},"39":{"start":{"line":64,"column":8},"end":{"line":66,"column":11}},"40":{"start":{"line":65,"column":12},"end":{"line":65,"column":58}},"41":{"start":{"line":69,"column":8},"end":{"line":69,"column":65}}},"fnMap":{"0":{"name":"(anonymous_0)","decl":{"start":{"line":11,"column":8},"end":{"line":11,"column":9}},"loc":{"start":{"line":11,"column":28},"end":{"line":15,"column":1}},"line":11},"1":{"name":"(anonymous_1)","decl":{"start":{"line":22,"column":8},"end":{"line":22,"column":9}},"loc":{"start":{"line":22,"column":28},"end":{"line":27,"column":1}},"line":22},"2":{"name":"(anonymous_2)","decl":{"start":{"line":63,"column":10},"end":{"line":63,"column":11}},"loc":{"start":{"line":63,"column":16},"end":{"line":67,"column":5}},"line":63},"3":{"name":"(anonymous_3)","decl":{"start":{"line":64,"column":25},"end":{"line":64,"column":26}},"loc":{"start":{"line":64,"column":31},"end":{"line":66,"column":9}},"line":64},"4":{"name":"(anonymous_4)","decl":{"start":{"line":68,"column":11},"end":{"line":68,"column":12}},"loc":{"start":{"line":68,"column":22},"end":{"line":70,"column":5}},"line":68}},"branchMap":{},"s":{"0":3,"1":3,"2":3,"3":3,"4":3,"5":3,"6":3,"7":3,"8":3,"9":1,"10":1,"11":1,"12":3,"13":3,"14":1,"15":1,"16":3,"17":3,"18":3,"19":3,"20":3,"21":3,"22":3,"23":3,"24":3,"25":3,"26":3,"27":3,"28":3,"29":3,"30":3,"31":3,"32":3,"33":3,"34":3,"35":3,"36":3,"37":3,"38":3,"39":0,"40":0,"41":0},"f":{"0":1,"1":1,"2":0,"3":0,"4":0},"b":{},"_coverageSchema":"1a1c01bbd47fc00a2c39e90264f33305004495a9","hash":"18dbf42ca6db502adf90485988b4ae31230597df"}
,"C:\\Users\\eduar\\joinville\\backend\\Avaliacao3\\src\\api\\projetos.js": {"path":"C:\\Users\\eduar\\joinville\\backend\\Avaliacao3\\src\\api\\projetos.js","statementMap":{"0":{"start":{"line":1,"column":26},"end":{"line":1,"column":59}},"1":{"start":{"line":5,"column":60},"end":{"line":5,"column":68}},"2":{"start":{"line":7,"column":8},"end":{"line":12,"column":9}},"3":{"start":{"line":8,"column":28},"end":{"line":8,"column":105}},"4":{"start":{"line":9,"column":12},"end":{"line":9,"column":49}},"5":{"start":{"line":11,"column":12},"end":{"line":11,"column":66}},"6":{"start":{"line":16,"column":23},"end":{"line":16,"column":33}},"7":{"start":{"line":17,"column":47},"end":{"line":17,"column":55}},"8":{"start":{"line":19,"column":8},"end":{"line":24,"column":9}},"9":{"start":{"line":20,"column":28},"end":{"line":20,"column":106}},"10":{"start":{"line":21,"column":12},"end":{"line":21,"column":49}},"11":{"start":{"line":23,"column":12},"end":{"line":23,"column":66}},"12":{"start":{"line":28,"column":23},"end":{"line":28,"column":33}},"13":{"start":{"line":30,"column":8},"end":{"line":35,"column":9}},"14":{"start":{"line":31,"column":12},"end":{"line":31,"column":63}},"15":{"start":{"line":32,"column":12},"end":{"line":32,"column":78}},"16":{"start":{"line":34,"column":12},"end":{"line":34,"column":66}},"17":{"start":{"line":39,"column":28},"end":{"line":39,"column":38}},"18":{"start":{"line":41,"column":8},"end":{"line":46,"column":9}},"19":{"start":{"line":42,"column":29},"end":{"line":42,"column":76}},"20":{"start":{"line":43,"column":12},"end":{"line":43,"column":50}},"21":{"start":{"line":45,"column":12},"end":{"line":45,"column":66}},"22":{"start":{"line":50,"column":8},"end":{"line":55,"column":9}},"23":{"start":{"line":51,"column":29},"end":{"line":51,"column":74}},"24":{"start":{"line":52,"column":12},"end":{"line":52,"column":50}},"25":{"start":{"line":54,"column":12},"end":{"line":54,"column":66}},"26":{"start":{"line":59,"column":23},"end":{"line":59,"column":33}},"27":{"start":{"line":61,"column":8},"end":{"line":66,"column":9}},"28":{"start":{"line":62,"column":28},"end":{"line":62,"column":81}},"29":{"start":{"line":63,"column":12},"end":{"line":63,"column":49}},"30":{"start":{"line":65,"column":12},"end":{"line":65,"column":66}},"31":{"start":{"line":70,"column":23},"end":{"line":70,"column":33}},"32":{"start":{"line":71,"column":33},"end":{"line":71,"column":41}},"33":{"start":{"line":73,"column":8},"end":{"line":78,"column":9}},"34":{"start":{"line":74,"column":28},"end":{"line":74,"column":105}},"35":{"start":{"line":75,"column":12},"end":{"line":75,"column":49}},"36":{"start":{"line":77,"column":12},"end":{"line":77,"column":66}},"37":{"start":{"line":82,"column":0},"end":{"line":82,"column":34}}},"fnMap":{"0":{"name":"(anonymous_0)","decl":{"start":{"line":4,"column":4},"end":{"line":4,"column":5}},"loc":{"start":{"line":4,"column":33},"end":{"line":13,"column":5}},"line":4},"1":{"name":"(anonymous_1)","decl":{"start":{"line":15,"column":4},"end":{"line":15,"column":5}},"loc":{"start":{"line":15,"column":35},"end":{"line":25,"column":5}},"line":15},"2":{"name":"(anonymous_2)","decl":{"start":{"line":27,"column":4},"end":{"line":27,"column":5}},"loc":{"start":{"line":27,"column":35},"end":{"line":36,"column":5}},"line":27},"3":{"name":"(anonymous_3)","decl":{"start":{"line":38,"column":4},"end":{"line":38,"column":5}},"loc":{"start":{"line":38,"column":35},"end":{"line":47,"column":5}},"line":38},"4":{"name":"(anonymous_4)","decl":{"start":{"line":49,"column":4},"end":{"line":49,"column":5}},"loc":{"start":{"line":49,"column":40},"end":{"line":56,"column":5}},"line":49},"5":{"name":"(anonymous_5)","decl":{"start":{"line":58,"column":4},"end":{"line":58,"column":5}},"loc":{"start":{"line":58,"column":38},"end":{"line":67,"column":5}},"line":58},"6":{"name":"(anonymous_6)","decl":{"start":{"line":69,"column":4},"end":{"line":69,"column":5}},"loc":{"start":{"line":69,"column":44},"end":{"line":79,"column":5}},"line":69}},"branchMap":{},"s":{"0":3,"1":0,"2":0,"3":0,"4":0,"5":0,"6":0,"7":0,"8":0,"9":0,"10":0,"11":0,"12":0,"13":0,"14":0,"15":0,"16":0,"17":0,"18":0,"19":0,"20":0,"21":0,"22":0,"23":0,"24":0,"25":0,"26":0,"27":0,"28":0,"29":0,"30":0,"31":0,"32":0,"33":0,"34":0,"35":0,"36":0,"37":3},"f":{"0":0,"1":0,"2":0,"3":0,"4":0,"5":0,"6":0},"b":{},"_coverageSchema":"1a1c01bbd47fc00a2c39e90264f33305004495a9","hash":"33fb0d839ed2f9695a0957cc76741f2582e41be9"}
,"C:\\Users\\eduar\\joinville\\backend\\Avaliacao3\\src\\api\\tarefas.js": {"path":"C:\\Users\\eduar\\joinville\\backend\\Avaliacao3\\src\\api\\tarefas.js","statementMap":{"0":{"start":{"line":1,"column":25},"end":{"line":1,"column":57}},"1":{"start":{"line":5,"column":85},"end":{"line":5,"column":93}},"2":{"start":{"line":6,"column":8},"end":{"line":6,"column":30}},"3":{"start":{"line":8,"column":8},"end":{"line":13,"column":9}},"4":{"start":{"line":9,"column":27},"end":{"line":9,"column":127}},"5":{"start":{"line":10,"column":12},"end":{"line":10,"column":48}},"6":{"start":{"line":12,"column":12},"end":{"line":12,"column":66}},"7":{"start":{"line":18,"column":23},"end":{"line":18,"column":33}},"8":{"start":{"line":19,"column":72},"end":{"line":19,"column":80}},"9":{"start":{"line":21,"column":8},"end":{"line":26,"column":9}},"10":{"start":{"line":22,"column":27},"end":{"line":22,"column":128}},"11":{"start":{"line":23,"column":12},"end":{"line":23,"column":48}},"12":{"start":{"line":25,"column":12},"end":{"line":25,"column":66}},"13":{"start":{"line":30,"column":23},"end":{"line":30,"column":33}},"14":{"start":{"line":32,"column":8},"end":{"line":37,"column":9}},"15":{"start":{"line":33,"column":12},"end":{"line":33,"column":61}},"16":{"start":{"line":34,"column":12},"end":{"line":34,"column":78}},"17":{"start":{"line":36,"column":12},"end":{"line":36,"column":66}},"18":{"start":{"line":41,"column":30},"end":{"line":41,"column":40}},"19":{"start":{"line":43,"column":8},"end":{"line":48,"column":9}},"20":{"start":{"line":44,"column":28},"end":{"line":44,"column":75}},"21":{"start":{"line":45,"column":12},"end":{"line":45,"column":49}},"22":{"start":{"line":47,"column":12},"end":{"line":47,"column":66}},"23":{"start":{"line":52,"column":8},"end":{"line":57,"column":9}},"24":{"start":{"line":53,"column":28},"end":{"line":53,"column":71}},"25":{"start":{"line":54,"column":12},"end":{"line":54,"column":49}},"26":{"start":{"line":56,"column":12},"end":{"line":56,"column":66}},"27":{"start":{"line":61,"column":23},"end":{"line":61,"column":33}},"28":{"start":{"line":63,"column":8},"end":{"line":68,"column":9}},"29":{"start":{"line":64,"column":27},"end":{"line":64,"column":78}},"30":{"start":{"line":65,"column":12},"end":{"line":65,"column":48}},"31":{"start":{"line":67,"column":12},"end":{"line":67,"column":66}},"32":{"start":{"line":72,"column":23},"end":{"line":72,"column":33}},"33":{"start":{"line":73,"column":33},"end":{"line":73,"column":41}},"34":{"start":{"line":75,"column":8},"end":{"line":80,"column":9}},"35":{"start":{"line":76,"column":27},"end":{"line":76,"column":102}},"36":{"start":{"line":77,"column":12},"end":{"line":77,"column":48}},"37":{"start":{"line":79,"column":12},"end":{"line":79,"column":66}},"38":{"start":{"line":84,"column":0},"end":{"line":84,"column":33}}},"fnMap":{"0":{"name":"(anonymous_0)","decl":{"start":{"line":4,"column":4},"end":{"line":4,"column":5}},"loc":{"start":{"line":4,"column":32},"end":{"line":14,"column":5}},"line":4},"1":{"name":"(anonymous_1)","decl":{"start":{"line":17,"column":4},"end":{"line":17,"column":5}},"loc":{"start":{"line":17,"column":34},"end":{"line":27,"column":5}},"line":17},"2":{"name":"(anonymous_2)","decl":{"start":{"line":29,"column":4},"end":{"line":29,"column":5}},"loc":{"start":{"line":29,"column":34},"end":{"line":38,"column":5}},"line":29},"3":{"name":"(anonymous_3)","decl":{"start":{"line":40,"column":4},"end":{"line":40,"column":5}},"loc":{"start":{"line":40,"column":34},"end":{"line":49,"column":5}},"line":40},"4":{"name":"(anonymous_4)","decl":{"start":{"line":51,"column":4},"end":{"line":51,"column":5}},"loc":{"start":{"line":51,"column":39},"end":{"line":58,"column":5}},"line":51},"5":{"name":"(anonymous_5)","decl":{"start":{"line":60,"column":4},"end":{"line":60,"column":5}},"loc":{"start":{"line":60,"column":37},"end":{"line":69,"column":5}},"line":60},"6":{"name":"(anonymous_6)","decl":{"start":{"line":71,"column":4},"end":{"line":71,"column":5}},"loc":{"start":{"line":71,"column":43},"end":{"line":81,"column":5}},"line":71}},"branchMap":{},"s":{"0":3,"1":0,"2":0,"3":0,"4":0,"5":0,"6":0,"7":0,"8":0,"9":0,"10":0,"11":0,"12":0,"13":0,"14":0,"15":0,"16":0,"17":0,"18":0,"19":0,"20":0,"21":0,"22":0,"23":0,"24":0,"25":0,"26":0,"27":0,"28":0,"29":0,"30":0,"31":0,"32":0,"33":0,"34":0,"35":0,"36":0,"37":0,"38":3},"f":{"0":0,"1":0,"2":0,"3":0,"4":0,"5":0,"6":0},"b":{},"_coverageSchema":"1a1c01bbd47fc00a2c39e90264f33305004495a9","hash":"dffb097faca491424f8976261ce3fa4e56c9cc8a"}
,"C:\\Users\\eduar\\joinville\\backend\\Avaliacao3\\src\\api\\usuarios.js": {"path":"C:\\Users\\eduar\\joinville\\backend\\Avaliacao3\\src\\api\\usuarios.js","statementMap":{"0":{"start":{"line":1,"column":23},"end":{"line":1,"column":56}},"1":{"start":{"line":6,"column":39},"end":{"line":6,"column":47}},"2":{"start":{"line":7,"column":8},"end":{"line":7,"column":54}},"3":{"start":{"line":9,"column":8},"end":{"line":19,"column":9}},"4":{"start":{"line":10,"column":28},"end":{"line":10,"column":81}},"5":{"start":{"line":12,"column":12},"end":{"line":15,"column":15}},"6":{"start":{"line":17,"column":12},"end":{"line":17,"column":59}},"7":{"start":{"line":18,"column":12},"end":{"line":18,"column":66}},"8":{"start":{"line":24,"column":23},"end":{"line":24,"column":33}},"9":{"start":{"line":25,"column":39},"end":{"line":25,"column":47}},"10":{"start":{"line":28,"column":8},"end":{"line":33,"column":9}},"11":{"start":{"line":29,"column":12},"end":{"line":29,"column":80}},"12":{"start":{"line":30,"column":12},"end":{"line":30,"column":88}},"13":{"start":{"line":32,"column":12},"end":{"line":32,"column":65}},"14":{"start":{"line":37,"column":23},"end":{"line":37,"column":33}},"15":{"start":{"line":40,"column":8},"end":{"line":45,"column":9}},"16":{"start":{"line":41,"column":12},"end":{"line":41,"column":60}},"17":{"start":{"line":42,"column":12},"end":{"line":42,"column":88}},"18":{"start":{"line":44,"column":12},"end":{"line":44,"column":65}},"19":{"start":{"line":51,"column":8},"end":{"line":56,"column":9}},"20":{"start":{"line":52,"column":26},"end":{"line":52,"column":63}},"21":{"start":{"line":53,"column":12},"end":{"line":53,"column":47}},"22":{"start":{"line":55,"column":12},"end":{"line":55,"column":65}},"23":{"start":{"line":60,"column":23},"end":{"line":60,"column":33}},"24":{"start":{"line":63,"column":8},"end":{"line":68,"column":9}},"25":{"start":{"line":64,"column":28},"end":{"line":64,"column":78}},"26":{"start":{"line":65,"column":12},"end":{"line":65,"column":49}},"27":{"start":{"line":67,"column":12},"end":{"line":67,"column":65}},"28":{"start":{"line":72,"column":33},"end":{"line":72,"column":41}},"29":{"start":{"line":74,"column":8},"end":{"line":79,"column":9}},"30":{"start":{"line":75,"column":28},"end":{"line":75,"column":75}},"31":{"start":{"line":76,"column":12},"end":{"line":76,"column":60}},"32":{"start":{"line":78,"column":12},"end":{"line":78,"column":63}},"33":{"start":{"line":83,"column":32},"end":{"line":83,"column":42}},"34":{"start":{"line":85,"column":8},"end":{"line":90,"column":9}},"35":{"start":{"line":86,"column":30},"end":{"line":86,"column":92}},"36":{"start":{"line":87,"column":12},"end":{"line":87,"column":51}},"37":{"start":{"line":89,"column":12},"end":{"line":89,"column":66}},"38":{"start":{"line":94,"column":0},"end":{"line":94,"column":31}}},"fnMap":{"0":{"name":"(anonymous_0)","decl":{"start":{"line":5,"column":4},"end":{"line":5,"column":5}},"loc":{"start":{"line":5,"column":33},"end":{"line":20,"column":5}},"line":5},"1":{"name":"(anonymous_1)","decl":{"start":{"line":23,"column":4},"end":{"line":23,"column":5}},"loc":{"start":{"line":23,"column":35},"end":{"line":34,"column":5}},"line":23},"2":{"name":"(anonymous_2)","decl":{"start":{"line":36,"column":4},"end":{"line":36,"column":5}},"loc":{"start":{"line":36,"column":35},"end":{"line":46,"column":5}},"line":36},"3":{"name":"(anonymous_3)","decl":{"start":{"line":48,"column":4},"end":{"line":48,"column":5}},"loc":{"start":{"line":48,"column":35},"end":{"line":57,"column":5}},"line":48},"4":{"name":"(anonymous_4)","decl":{"start":{"line":59,"column":4},"end":{"line":59,"column":5}},"loc":{"start":{"line":59,"column":38},"end":{"line":69,"column":5}},"line":59},"5":{"name":"(anonymous_5)","decl":{"start":{"line":71,"column":4},"end":{"line":71,"column":5}},"loc":{"start":{"line":71,"column":32},"end":{"line":80,"column":5}},"line":71},"6":{"name":"(anonymous_6)","decl":{"start":{"line":82,"column":4},"end":{"line":82,"column":5}},"loc":{"start":{"line":82,"column":45},"end":{"line":91,"column":5}},"line":82}},"branchMap":{},"s":{"0":3,"1":1,"2":1,"3":1,"4":1,"5":1,"6":0,"7":0,"8":0,"9":0,"10":0,"11":0,"12":0,"13":0,"14":0,"15":0,"16":0,"17":0,"18":0,"19":0,"20":0,"21":0,"22":0,"23":0,"24":0,"25":0,"26":0,"27":0,"28":0,"29":0,"30":0,"31":0,"32":0,"33":0,"34":0,"35":0,"36":0,"37":0,"38":3},"f":{"0":1,"1":0,"2":0,"3":0,"4":0,"5":0,"6":0},"b":{},"_coverageSchema":"1a1c01bbd47fc00a2c39e90264f33305004495a9","hash":"47d6215cf9e2d932d420ad5a3b663ecdd740c295"}
,"C:\\Users\\eduar\\joinville\\backend\\Avaliacao3\\src\\config\\database.js": {"path":"C:\\Users\\eduar\\joinville\\backend\\Avaliacao3\\src\\config\\database.js","statementMap":{"0":{"start":{"line":1,"column":22},"end":{"line":1,"column":42}},"1":{"start":{"line":2,"column":17},"end":{"line":2,"column":36}},"2":{"start":{"line":6,"column":8},"end":{"line":6,"column":20}},"3":{"start":{"line":7,"column":8},"end":{"line":7,"column":25}},"4":{"start":{"line":11,"column":8},"end":{"line":15,"column":11}},"5":{"start":{"line":18,"column":8},"end":{"line":24,"column":15}},"6":{"start":{"line":20,"column":16},"end":{"line":20,"column":86}},"7":{"start":{"line":23,"column":16},"end":{"line":23,"column":74}},"8":{"start":{"line":28,"column":8},"end":{"line":31,"column":11}},"9":{"start":{"line":35,"column":0},"end":{"line":35,"column":32}}},"fnMap":{"0":{"name":"(anonymous_0)","decl":{"start":{"line":5,"column":4},"end":{"line":5,"column":5}},"loc":{"start":{"line":5,"column":18},"end":{"line":8,"column":5}},"line":5},"1":{"name":"(anonymous_1)","decl":{"start":{"line":10,"column":4},"end":{"line":10,"column":5}},"loc":{"start":{"line":10,"column":11},"end":{"line":25,"column":5}},"line":10},"2":{"name":"(anonymous_2)","decl":{"start":{"line":19,"column":18},"end":{"line":19,"column":19}},"loc":{"start":{"line":19,"column":24},"end":{"line":21,"column":13}},"line":19},"3":{"name":"(anonymous_3)","decl":{"start":{"line":22,"column":19},"end":{"line":22,"column":20}},"loc":{"start":{"line":22,"column":26},"end":{"line":24,"column":13}},"line":22},"4":{"name":"(anonymous_4)","decl":{"start":{"line":27,"column":4},"end":{"line":27,"column":5}},"loc":{"start":{"line":27,"column":16},"end":{"line":32,"column":5}},"line":27}},"branchMap":{},"s":{"0":3,"1":3,"2":3,"3":3,"4":3,"5":3,"6":1,"7":0,"8":3,"9":3},"f":{"0":3,"1":3,"2":1,"3":0,"4":3},"b":{},"_coverageSchema":"1a1c01bbd47fc00a2c39e90264f33305004495a9","hash":"45cd855c57dd9fc19ce8580766491c40b0a2063f"}
,"C:\\Users\\eduar\\joinville\\backend\\Avaliacao3\\src\\controller\\projetos.js": {"path":"C:\\Users\\eduar\\joinville\\backend\\Avaliacao3\\src\\controller\\projetos.js","statementMap":{"0":{"start":{"line":1,"column":16},"end":{"line":1,"column":44}},"1":{"start":{"line":5,"column":8},"end":{"line":7,"column":9}},"2":{"start":{"line":6,"column":12},"end":{"line":6,"column":93}},"3":{"start":{"line":9,"column":24},"end":{"line":9,"column":89}},"4":{"start":{"line":11,"column":8},"end":{"line":11,"column":23}},"5":{"start":{"line":15,"column":8},"end":{"line":17,"column":9}},"6":{"start":{"line":16,"column":12},"end":{"line":16,"column":80}},"7":{"start":{"line":19,"column":24},"end":{"line":19,"column":56}},"8":{"start":{"line":21,"column":8},"end":{"line":21,"column":32}},"9":{"start":{"line":22,"column":8},"end":{"line":22,"column":38}},"10":{"start":{"line":23,"column":8},"end":{"line":23,"column":34}},"11":{"start":{"line":24,"column":8},"end":{"line":24,"column":29}},"12":{"start":{"line":26,"column":8},"end":{"line":26,"column":23}},"13":{"start":{"line":30,"column":8},"end":{"line":32,"column":9}},"14":{"start":{"line":31,"column":12},"end":{"line":31,"column":48}},"15":{"start":{"line":34,"column":24},"end":{"line":34,"column":56}},"16":{"start":{"line":35,"column":8},"end":{"line":35,"column":32}},"17":{"start":{"line":39,"column":8},"end":{"line":39,"column":64}},"18":{"start":{"line":43,"column":8},"end":{"line":43,"column":33}},"19":{"start":{"line":47,"column":8},"end":{"line":49,"column":9}},"20":{"start":{"line":48,"column":12},"end":{"line":48,"column":48}},"21":{"start":{"line":51,"column":24},"end":{"line":51,"column":50}},"22":{"start":{"line":53,"column":8},"end":{"line":55,"column":9}},"23":{"start":{"line":54,"column":12},"end":{"line":54,"column":54}},"24":{"start":{"line":57,"column":8},"end":{"line":57,"column":23}},"25":{"start":{"line":61,"column":8},"end":{"line":63,"column":9}},"26":{"start":{"line":62,"column":12},"end":{"line":62,"column":71}},"27":{"start":{"line":65,"column":24},"end":{"line":65,"column":56}},"28":{"start":{"line":67,"column":8},"end":{"line":69,"column":11}},"29":{"start":{"line":68,"column":12},"end":{"line":68,"column":49}},"30":{"start":{"line":71,"column":8},"end":{"line":71,"column":29}},"31":{"start":{"line":73,"column":8},"end":{"line":73,"column":23}},"32":{"start":{"line":77,"column":0},"end":{"line":77,"column":41}}},"fnMap":{"0":{"name":"(anonymous_0)","decl":{"start":{"line":4,"column":4},"end":{"line":4,"column":5}},"loc":{"start":{"line":4,"column":64},"end":{"line":12,"column":5}},"line":4},"1":{"name":"(anonymous_1)","decl":{"start":{"line":14,"column":4},"end":{"line":14,"column":5}},"loc":{"start":{"line":14,"column":57},"end":{"line":27,"column":5}},"line":14},"2":{"name":"(anonymous_2)","decl":{"start":{"line":29,"column":4},"end":{"line":29,"column":5}},"loc":{"start":{"line":29,"column":29},"end":{"line":36,"column":5}},"line":29},"3":{"name":"(anonymous_3)","decl":{"start":{"line":38,"column":4},"end":{"line":38,"column":5}},"loc":{"start":{"line":38,"column":34},"end":{"line":40,"column":5}},"line":38},"4":{"name":"(anonymous_4)","decl":{"start":{"line":42,"column":4},"end":{"line":42,"column":5}},"loc":{"start":{"line":42,"column":32},"end":{"line":44,"column":5}},"line":42},"5":{"name":"(anonymous_5)","decl":{"start":{"line":46,"column":4},"end":{"line":46,"column":5}},"loc":{"start":{"line":46,"column":32},"end":{"line":58,"column":5}},"line":46},"6":{"name":"(anonymous_6)","decl":{"start":{"line":60,"column":4},"end":{"line":60,"column":5}},"loc":{"start":{"line":60,"column":56},"end":{"line":74,"column":5}},"line":60},"7":{"name":"(anonymous_7)","decl":{"start":{"line":67,"column":46},"end":{"line":67,"column":47}},"loc":{"start":{"line":67,"column":53},"end":{"line":69,"column":9}},"line":67}},"branchMap":{"0":{"loc":{"start":{"line":5,"column":8},"end":{"line":7,"column":9}},"type":"if","locations":[{"start":{"line":5,"column":8},"end":{"line":7,"column":9}},{"start":{},"end":{}}],"line":5},"1":{"loc":{"start":{"line":5,"column":12},"end":{"line":5,"column":61}},"type":"binary-expr","locations":[{"start":{"line":5,"column":12},"end":{"line":5,"column":19}},{"start":{"line":5,"column":23},"end":{"line":5,"column":33}},{"start":{"line":5,"column":37},"end":{"line":5,"column":49}},{"start":{"line":5,"column":53},"end":{"line":5,"column":61}}],"line":5},"2":{"loc":{"start":{"line":15,"column":8},"end":{"line":17,"column":9}},"type":"if","locations":[{"start":{"line":15,"column":8},"end":{"line":17,"column":9}},{"start":{},"end":{}}],"line":15},"3":{"loc":{"start":{"line":15,"column":12},"end":{"line":15,"column":52}},"type":"binary-expr","locations":[{"start":{"line":15,"column":12},"end":{"line":15,"column":15}},{"start":{"line":15,"column":19},"end":{"line":15,"column":26}},{"start":{"line":15,"column":30},"end":{"line":15,"column":40}},{"start":{"line":15,"column":44},"end":{"line":15,"column":52}}],"line":15},"4":{"loc":{"start":{"line":30,"column":8},"end":{"line":32,"column":9}},"type":"if","locations":[{"start":{"line":30,"column":8},"end":{"line":32,"column":9}},{"start":{},"end":{}}],"line":30},"5":{"loc":{"start":{"line":47,"column":8},"end":{"line":49,"column":9}},"type":"if","locations":[{"start":{"line":47,"column":8},"end":{"line":49,"column":9}},{"start":{},"end":{}}],"line":47},"6":{"loc":{"start":{"line":53,"column":8},"end":{"line":55,"column":9}},"type":"if","locations":[{"start":{"line":53,"column":8},"end":{"line":55,"column":9}},{"start":{},"end":{}}],"line":53},"7":{"loc":{"start":{"line":61,"column":8},"end":{"line":63,"column":9}},"type":"if","locations":[{"start":{"line":61,"column":8},"end":{"line":63,"column":9}},{"start":{},"end":{}}],"line":61},"8":{"loc":{"start":{"line":61,"column":12},"end":{"line":61,"column":36}},"type":"binary-expr","locations":[{"start":{"line":61,"column":12},"end":{"line":61,"column":15}},{"start":{"line":61,"column":19},"end":{"line":61,"column":36}}],"line":61}},"s":{"0":3,"1":0,"2":0,"3":0,"4":0,"5":0,"6":0,"7":0,"8":0,"9":0,"10":0,"11":0,"12":0,"13":0,"14":0,"15":0,"16":0,"17":0,"18":0,"19":0,"20":0,"21":0,"22":0,"23":0,"24":0,"25":0,"26":0,"27":0,"28":0,"29":0,"30":0,"31":0,"32":3},"f":{"0":0,"1":0,"2":0,"3":0,"4":0,"5":0,"6":0,"7":0},"b":{"0":[0,0],"1":[0,0,0,0],"2":[0,0],"3":[0,0,0,0],"4":[0,0],"5":[0,0],"6":[0,0],"7":[0,0],"8":[0,0]},"_coverageSchema":"1a1c01bbd47fc00a2c39e90264f33305004495a9","hash":"b056822d6dbae91b49a0d4306dafc17431928411"}
,"C:\\Users\\eduar\\joinville\\backend\\Avaliacao3\\src\\controller\\tarefas.js": {"path":"C:\\Users\\eduar\\joinville\\backend\\Avaliacao3\\src\\controller\\tarefas.js","statementMap":{"0":{"start":{"line":1,"column":15},"end":{"line":1,"column":41}},"1":{"start":{"line":5,"column":8},"end":{"line":7,"column":9}},"2":{"start":{"line":6,"column":12},"end":{"line":6,"column":95}},"3":{"start":{"line":9,"column":23},"end":{"line":16,"column":10}},"4":{"start":{"line":18,"column":8},"end":{"line":18,"column":22}},"5":{"start":{"line":22,"column":8},"end":{"line":24,"column":9}},"6":{"start":{"line":23,"column":12},"end":{"line":23,"column":90}},"7":{"start":{"line":26,"column":23},"end":{"line":26,"column":54}},"8":{"start":{"line":28,"column":8},"end":{"line":28,"column":31}},"9":{"start":{"line":29,"column":8},"end":{"line":29,"column":37}},"10":{"start":{"line":30,"column":8},"end":{"line":30,"column":45}},"11":{"start":{"line":31,"column":8},"end":{"line":31,"column":31}},"12":{"start":{"line":32,"column":8},"end":{"line":32,"column":37}},"13":{"start":{"line":33,"column":8},"end":{"line":33,"column":28}},"14":{"start":{"line":35,"column":8},"end":{"line":35,"column":22}},"15":{"start":{"line":39,"column":8},"end":{"line":41,"column":9}},"16":{"start":{"line":40,"column":12},"end":{"line":40,"column":48}},"17":{"start":{"line":43,"column":23},"end":{"line":43,"column":54}},"18":{"start":{"line":44,"column":8},"end":{"line":44,"column":31}},"19":{"start":{"line":48,"column":8},"end":{"line":48,"column":67}},"20":{"start":{"line":52,"column":8},"end":{"line":52,"column":32}},"21":{"start":{"line":56,"column":8},"end":{"line":58,"column":9}},"22":{"start":{"line":57,"column":12},"end":{"line":57,"column":48}},"23":{"start":{"line":60,"column":23},"end":{"line":60,"column":48}},"24":{"start":{"line":62,"column":8},"end":{"line":64,"column":9}},"25":{"start":{"line":63,"column":12},"end":{"line":63,"column":53}},"26":{"start":{"line":66,"column":8},"end":{"line":66,"column":22}},"27":{"start":{"line":70,"column":8},"end":{"line":72,"column":9}},"28":{"start":{"line":71,"column":12},"end":{"line":71,"column":71}},"29":{"start":{"line":74,"column":23},"end":{"line":74,"column":54}},"30":{"start":{"line":76,"column":8},"end":{"line":78,"column":11}},"31":{"start":{"line":77,"column":12},"end":{"line":77,"column":48}},"32":{"start":{"line":80,"column":8},"end":{"line":80,"column":28}},"33":{"start":{"line":82,"column":8},"end":{"line":82,"column":22}},"34":{"start":{"line":86,"column":0},"end":{"line":86,"column":40}}},"fnMap":{"0":{"name":"(anonymous_0)","decl":{"start":{"line":4,"column":4},"end":{"line":4,"column":5}},"loc":{"start":{"line":4,"column":89},"end":{"line":19,"column":5}},"line":4},"1":{"name":"(anonymous_1)","decl":{"start":{"line":21,"column":4},"end":{"line":21,"column":5}},"loc":{"start":{"line":21,"column":81},"end":{"line":36,"column":5}},"line":21},"2":{"name":"(anonymous_2)","decl":{"start":{"line":38,"column":4},"end":{"line":38,"column":5}},"loc":{"start":{"line":38,"column":28},"end":{"line":45,"column":5}},"line":38},"3":{"name":"(anonymous_3)","decl":{"start":{"line":47,"column":4},"end":{"line":47,"column":5}},"loc":{"start":{"line":47,"column":35},"end":{"line":49,"column":5}},"line":47},"4":{"name":"(anonymous_4)","decl":{"start":{"line":51,"column":4},"end":{"line":51,"column":5}},"loc":{"start":{"line":51,"column":31},"end":{"line":53,"column":5}},"line":51},"5":{"name":"(anonymous_5)","decl":{"start":{"line":55,"column":4},"end":{"line":55,"column":5}},"loc":{"start":{"line":55,"column":31},"end":{"line":67,"column":5}},"line":55},"6":{"name":"(anonymous_6)","decl":{"start":{"line":69,"column":4},"end":{"line":69,"column":5}},"loc":{"start":{"line":69,"column":55},"end":{"line":83,"column":5}},"line":69},"7":{"name":"(anonymous_7)","decl":{"start":{"line":76,"column":46},"end":{"line":76,"column":47}},"loc":{"start":{"line":76,"column":53},"end":{"line":78,"column":9}},"line":76}},"branchMap":{"0":{"loc":{"start":{"line":5,"column":8},"end":{"line":7,"column":9}},"type":"if","locations":[{"start":{"line":5,"column":8},"end":{"line":7,"column":9}},{"start":{},"end":{}}],"line":5},"1":{"loc":{"start":{"line":5,"column":12},"end":{"line":5,"column":63}},"type":"binary-expr","locations":[{"start":{"line":5,"column":12},"end":{"line":5,"column":19}},{"start":{"line":5,"column":23},"end":{"line":5,"column":33}},{"start":{"line":5,"column":37},"end":{"line":5,"column":49}},{"start":{"line":5,"column":53},"end":{"line":5,"column":63}}],"line":5},"2":{"loc":{"start":{"line":14,"column":20},"end":{"line":14,"column":40}},"type":"binary-expr","locations":[{"start":{"line":14,"column":20},"end":{"line":14,"column":26}},{"start":{"line":14,"column":30},"end":{"line":14,"column":40}}],"line":14},"3":{"loc":{"start":{"line":22,"column":8},"end":{"line":24,"column":9}},"type":"if","locations":[{"start":{"line":22,"column":8},"end":{"line":24,"column":9}},{"start":{},"end":{}}],"line":22},"4":{"loc":{"start":{"line":22,"column":12},"end":{"line":22,"column":65}},"type":"binary-expr","locations":[{"start":{"line":22,"column":12},"end":{"line":22,"column":15}},{"start":{"line":22,"column":19},"end":{"line":22,"column":26}},{"start":{"line":22,"column":30},"end":{"line":22,"column":40}},{"start":{"line":22,"column":44},"end":{"line":22,"column":51}},{"start":{"line":22,"column":55},"end":{"line":22,"column":65}}],"line":22},"5":{"loc":{"start":{"line":39,"column":8},"end":{"line":41,"column":9}},"type":"if","locations":[{"start":{"line":39,"column":8},"end":{"line":41,"column":9}},{"start":{},"end":{}}],"line":39},"6":{"loc":{"start":{"line":56,"column":8},"end":{"line":58,"column":9}},"type":"if","locations":[{"start":{"line":56,"column":8},"end":{"line":58,"column":9}},{"start":{},"end":{}}],"line":56},"7":{"loc":{"start":{"line":62,"column":8},"end":{"line":64,"column":9}},"type":"if","locations":[{"start":{"line":62,"column":8},"end":{"line":64,"column":9}},{"start":{},"end":{}}],"line":62},"8":{"loc":{"start":{"line":70,"column":8},"end":{"line":72,"column":9}},"type":"if","locations":[{"start":{"line":70,"column":8},"end":{"line":72,"column":9}},{"start":{},"end":{}}],"line":70},"9":{"loc":{"start":{"line":70,"column":12},"end":{"line":70,"column":36}},"type":"binary-expr","locations":[{"start":{"line":70,"column":12},"end":{"line":70,"column":15}},{"start":{"line":70,"column":19},"end":{"line":70,"column":36}}],"line":70}},"s":{"0":3,"1":0,"2":0,"3":0,"4":0,"5":0,"6":0,"7":0,"8":0,"9":0,"10":0,"11":0,"12":0,"13":0,"14":0,"15":0,"16":0,"17":0,"18":0,"19":0,"20":0,"21":0,"22":0,"23":0,"24":0,"25":0,"26":0,"27":0,"28":0,"29":0,"30":0,"31":0,"32":0,"33":0,"34":3},"f":{"0":0,"1":0,"2":0,"3":0,"4":0,"5":0,"6":0,"7":0},"b":{"0":[0,0],"1":[0,0,0,0],"2":[0,0],"3":[0,0],"4":[0,0,0,0,0],"5":[0,0],"6":[0,0],"7":[0,0],"8":[0,0],"9":[0,0]},"_coverageSchema":"1a1c01bbd47fc00a2c39e90264f33305004495a9","hash":"b56d6f60d7e20973aaf2a24907311a084e3f37eb"}
,"C:\\Users\\eduar\\joinville\\backend\\Avaliacao3\\src\\controller\\usuarios.js": {"path":"C:\\Users\\eduar\\joinville\\backend\\Avaliacao3\\src\\controller\\usuarios.js","statementMap":{"0":{"start":{"line":1,"column":13},"end":{"line":1,"column":40}},"1":{"start":{"line":2,"column":16},"end":{"line":2,"column":44}},"2":{"start":{"line":3,"column":15},"end":{"line":3,"column":32}},"3":{"start":{"line":4,"column":19},"end":{"line":4,"column":21}},"4":{"start":{"line":8,"column":8},"end":{"line":10,"column":9}},"5":{"start":{"line":9,"column":12},"end":{"line":9,"column":68}},"6":{"start":{"line":12,"column":8},"end":{"line":12,"column":64}},"7":{"start":{"line":14,"column":28},"end":{"line":14,"column":64}},"8":{"start":{"line":15,"column":8},"end":{"line":15,"column":57}},"9":{"start":{"line":17,"column":21},"end":{"line":17,"column":75}},"10":{"start":{"line":18,"column":8},"end":{"line":18,"column":45}},"11":{"start":{"line":20,"column":8},"end":{"line":20,"column":20}},"12":{"start":{"line":24,"column":8},"end":{"line":26,"column":9}},"13":{"start":{"line":25,"column":12},"end":{"line":25,"column":72}},"14":{"start":{"line":28,"column":21},"end":{"line":28,"column":53}},"15":{"start":{"line":30,"column":8},"end":{"line":30,"column":25}},"16":{"start":{"line":31,"column":8},"end":{"line":31,"column":27}},"17":{"start":{"line":32,"column":8},"end":{"line":32,"column":58}},"18":{"start":{"line":33,"column":8},"end":{"line":33,"column":26}},"19":{"start":{"line":35,"column":8},"end":{"line":35,"column":20}},"20":{"start":{"line":39,"column":8},"end":{"line":41,"column":9}},"21":{"start":{"line":40,"column":12},"end":{"line":40,"column":48}},"22":{"start":{"line":43,"column":21},"end":{"line":43,"column":53}},"23":{"start":{"line":44,"column":8},"end":{"line":44,"column":29}},"24":{"start":{"line":48,"column":8},"end":{"line":48,"column":30}},"25":{"start":{"line":52,"column":8},"end":{"line":54,"column":9}},"26":{"start":{"line":53,"column":12},"end":{"line":53,"column":48}},"27":{"start":{"line":56,"column":21},"end":{"line":56,"column":44}},"28":{"start":{"line":58,"column":8},"end":{"line":60,"column":9}},"29":{"start":{"line":59,"column":12},"end":{"line":59,"column":54}},"30":{"start":{"line":62,"column":8},"end":{"line":62,"column":20}},"31":{"start":{"line":66,"column":8},"end":{"line":68,"column":9}},"32":{"start":{"line":67,"column":12},"end":{"line":67,"column":62}},"33":{"start":{"line":70,"column":21},"end":{"line":70,"column":68}},"34":{"start":{"line":71,"column":8},"end":{"line":73,"column":9}},"35":{"start":{"line":72,"column":12},"end":{"line":72,"column":73}},"36":{"start":{"line":75,"column":8},"end":{"line":75,"column":20}},"37":{"start":{"line":79,"column":8},"end":{"line":81,"column":9}},"38":{"start":{"line":80,"column":12},"end":{"line":80,"column":53}},"39":{"start":{"line":83,"column":25},"end":{"line":89,"column":10}},"40":{"start":{"line":91,"column":8},"end":{"line":93,"column":9}},"41":{"start":{"line":92,"column":12},"end":{"line":92,"column":74}},"42":{"start":{"line":95,"column":8},"end":{"line":95,"column":24}},"43":{"start":{"line":99,"column":0},"end":{"line":99,"column":38}}},"fnMap":{"0":{"name":"(anonymous_0)","decl":{"start":{"line":7,"column":4},"end":{"line":7,"column":5}},"loc":{"start":{"line":7,"column":43},"end":{"line":21,"column":5}},"line":7},"1":{"name":"(anonymous_1)","decl":{"start":{"line":23,"column":4},"end":{"line":23,"column":5}},"loc":{"start":{"line":23,"column":49},"end":{"line":36,"column":5}},"line":23},"2":{"name":"(anonymous_2)","decl":{"start":{"line":38,"column":4},"end":{"line":38,"column":5}},"loc":{"start":{"line":38,"column":29},"end":{"line":45,"column":5}},"line":38},"3":{"name":"(anonymous_3)","decl":{"start":{"line":47,"column":4},"end":{"line":47,"column":5}},"loc":{"start":{"line":47,"column":27},"end":{"line":49,"column":5}},"line":47},"4":{"name":"(anonymous_4)","decl":{"start":{"line":51,"column":4},"end":{"line":51,"column":5}},"loc":{"start":{"line":51,"column":32},"end":{"line":63,"column":5}},"line":51},"5":{"name":"(anonymous_5)","decl":{"start":{"line":65,"column":4},"end":{"line":65,"column":5}},"loc":{"start":{"line":65,"column":37},"end":{"line":76,"column":5}},"line":65},"6":{"name":"(anonymous_6)","decl":{"start":{"line":78,"column":4},"end":{"line":78,"column":5}},"loc":{"start":{"line":78,"column":43},"end":{"line":96,"column":5}},"line":78}},"branchMap":{"0":{"loc":{"start":{"line":8,"column":8},"end":{"line":10,"column":9}},"type":"if","locations":[{"start":{"line":8,"column":8},"end":{"line":10,"column":9}},{"start":{},"end":{}}],"line":8},"1":{"loc":{"start":{"line":8,"column":12},"end":{"line":8,"column":37}},"type":"binary-expr","locations":[{"start":{"line":8,"column":12},"end":{"line":8,"column":17}},{"start":{"line":8,"column":21},"end":{"line":8,"column":27}},{"start":{"line":8,"column":31},"end":{"line":8,"column":37}}],"line":8},"2":{"loc":{"start":{"line":24,"column":8},"end":{"line":26,"column":9}},"type":"if","locations":[{"start":{"line":24,"column":8},"end":{"line":26,"column":9}},{"start":{},"end":{}}],"line":24},"3":{"loc":{"start":{"line":24,"column":12},"end":{"line":24,"column":44}},"type":"binary-expr","locations":[{"start":{"line":24,"column":12},"end":{"line":24,"column":15}},{"start":{"line":24,"column":19},"end":{"line":24,"column":24}},{"start":{"line":24,"column":28},"end":{"line":24,"column":34}},{"start":{"line":24,"column":38},"end":{"line":24,"column":44}}],"line":24},"4":{"loc":{"start":{"line":39,"column":8},"end":{"line":41,"column":9}},"type":"if","locations":[{"start":{"line":39,"column":8},"end":{"line":41,"column":9}},{"start":{},"end":{}}],"line":39},"5":{"loc":{"start":{"line":52,"column":8},"end":{"line":54,"column":9}},"type":"if","locations":[{"start":{"line":52,"column":8},"end":{"line":54,"column":9}},{"start":{},"end":{}}],"line":52},"6":{"loc":{"start":{"line":58,"column":8},"end":{"line":60,"column":9}},"type":"if","locations":[{"start":{"line":58,"column":8},"end":{"line":60,"column":9}},{"start":{},"end":{}}],"line":58},"7":{"loc":{"start":{"line":66,"column":8},"end":{"line":68,"column":9}},"type":"if","locations":[{"start":{"line":66,"column":8},"end":{"line":68,"column":9}},{"start":{},"end":{}}],"line":66},"8":{"loc":{"start":{"line":66,"column":12},"end":{"line":66,"column":28}},"type":"binary-expr","locations":[{"start":{"line":66,"column":12},"end":{"line":66,"column":18}},{"start":{"line":66,"column":22},"end":{"line":66,"column":28}}],"line":66},"9":{"loc":{"start":{"line":71,"column":8},"end":{"line":73,"column":9}},"type":"if","locations":[{"start":{"line":71,"column":8},"end":{"line":73,"column":9}},{"start":{},"end":{}}],"line":71},"10":{"loc":{"start":{"line":71,"column":12},"end":{"line":71,"column":63}},"type":"binary-expr","locations":[{"start":{"line":71,"column":12},"end":{"line":71,"column":17}},{"start":{"line":71,"column":21},"end":{"line":71,"column":63}}],"line":71},"11":{"loc":{"start":{"line":79,"column":8},"end":{"line":81,"column":9}},"type":"if","locations":[{"start":{"line":79,"column":8},"end":{"line":81,"column":9}},{"start":{},"end":{}}],"line":79},"12":{"loc":{"start":{"line":91,"column":8},"end":{"line":93,"column":9}},"type":"if","locations":[{"start":{"line":91,"column":8},"end":{"line":93,"column":9}},{"start":{},"end":{}}],"line":91}},"s":{"0":3,"1":3,"2":3,"3":3,"4":1,"5":0,"6":1,"7":1,"8":1,"9":1,"10":1,"11":1,"12":0,"13":0,"14":0,"15":0,"16":0,"17":0,"18":0,"19":0,"20":0,"21":0,"22":0,"23":0,"24":0,"25":0,"26":0,"27":0,"28":0,"29":0,"30":0,"31":0,"32":0,"33":0,"34":0,"35":0,"36":0,"37":0,"38":0,"39":0,"40":0,"41":0,"42":0,"43":3},"f":{"0":1,"1":0,"2":0,"3":0,"4":0,"5":0,"6":0},"b":{"0":[0,1],"1":[1,1,1],"2":[0,0],"3":[0,0,0,0],"4":[0,0],"5":[0,0],"6":[0,0],"7":[0,0],"8":[0,0],"9":[0,0],"10":[0,0],"11":[0,0],"12":[0,0]},"_coverageSchema":"1a1c01bbd47fc00a2c39e90264f33305004495a9","hash":"98d39ef3a53a8e2fb2d17785ed02d846651a378e"}
,"C:\\Users\\eduar\\joinville\\backend\\Avaliacao3\\src\\model\\projetos.js": {"path":"C:\\Users\\eduar\\joinville\\backend\\Avaliacao3\\src\\model\\projetos.js","statementMap":{"0":{"start":{"line":1,"column":17},"end":{"line":1,"column":46}},"1":{"start":{"line":2,"column":13},"end":{"line":2,"column":33}},"2":{"start":{"line":6,"column":8},"end":{"line":32,"column":11}},"3":{"start":{"line":34,"column":8},"end":{"line":34,"column":77}},"4":{"start":{"line":38,"column":0},"end":{"line":38,"column":37}}},"fnMap":{"0":{"name":"(anonymous_0)","decl":{"start":{"line":5,"column":4},"end":{"line":5,"column":5}},"loc":{"start":{"line":5,"column":18},"end":{"line":35,"column":5}},"line":5}},"branchMap":{},"s":{"0":3,"1":3,"2":3,"3":3,"4":3},"f":{"0":3},"b":{},"_coverageSchema":"1a1c01bbd47fc00a2c39e90264f33305004495a9","hash":"541e16b8e4a72732161bcb8a777140647709ca5c"}
,"C:\\Users\\eduar\\joinville\\backend\\Avaliacao3\\src\\model\\tarefa.js": {"path":"C:\\Users\\eduar\\joinville\\backend\\Avaliacao3\\src\\model\\tarefa.js","statementMap":{"0":{"start":{"line":1,"column":17},"end":{"line":1,"column":46}},"1":{"start":{"line":2,"column":16},"end":{"line":2,"column":37}},"2":{"start":{"line":6,"column":8},"end":{"line":41,"column":11}},"3":{"start":{"line":43,"column":8},"end":{"line":43,"column":82}},"4":{"start":{"line":47,"column":0},"end":{"line":47,"column":36}}},"fnMap":{"0":{"name":"(anonymous_0)","decl":{"start":{"line":5,"column":4},"end":{"line":5,"column":5}},"loc":{"start":{"line":5,"column":18},"end":{"line":44,"column":5}},"line":5}},"branchMap":{},"s":{"0":3,"1":3,"2":3,"3":3,"4":3},"f":{"0":3},"b":{},"_coverageSchema":"1a1c01bbd47fc00a2c39e90264f33305004495a9","hash":"7c7e03208f7ff05690284785e149ae4e300fd989"}
,"C:\\Users\\eduar\\joinville\\backend\\Avaliacao3\\src\\model\\usuario.js": {"path":"C:\\Users\\eduar\\joinville\\backend\\Avaliacao3\\src\\model\\usuario.js","statementMap":{"0":{"start":{"line":1,"column":17},"end":{"line":1,"column":46}},"1":{"start":{"line":5,"column":8},"end":{"line":20,"column":11}},"2":{"start":{"line":23,"column":8},"end":{"line":23,"column":26}},"3":{"start":{"line":27,"column":0},"end":{"line":27,"column":34}}},"fnMap":{"0":{"name":"(anonymous_0)","decl":{"start":{"line":4,"column":4},"end":{"line":4,"column":5}},"loc":{"start":{"line":4,"column":18},"end":{"line":24,"column":5}},"line":4}},"branchMap":{},"s":{"0":3,"1":3,"2":3,"3":3},"f":{"0":3},"b":{},"_coverageSchema":"1a1c01bbd47fc00a2c39e90264f33305004495a9","hash":"00e93b3259ae8e65e31e9e37dac60b89dd9b9010"}
}
